app/_build/intermediates/manifest_merge_blame_file/debug/manifest-merger-blame-debug-report.txt
1<?xml version="1.0" encoding="utf-8"?>
2<manifest xmlns:android="http://schemas.android.com/apk/res/android"
3    package="com.example.termproject"
4    android:versionCode="1"
5    android:versionName="1.0" >
6
7    <uses-sdk
8        android:minSdkVersion="23"
8-->src\main\AndroidManifest.xml
9        android:targetSdkVersion="31" />
9-->src\main\AndroidManifest.xml
10
11    <application
11-->src\main\AndroidManifest.xml:5:5-52:19
12        android:allowBackup="true"
12-->src\main\AndroidManifest.xml:6:9-35
13        android:appComponentFactory="androidx.core.app.CoreComponentFactory"
13-->[androidx.core:core:1.5.0] AndroidManifest.xml:24:18-86
14        android:debuggable="true"
15        android:extractNativeLibs="false"
16        android:icon="@mipmap/ic_launcher"
16-->src\main\AndroidManifest.xml:7:9-43
17        android:label="@string/app_name"
17-->src\main\AndroidManifest.xml:8:9-41
18        android:roundIcon="@mipmap/ic_launcher_round"
18-->src\main\AndroidManifest.xml:9:9-54
19        android:supportsRtl="true"
19-->src\main\AndroidManifest.xml:10:9-35
20        android:testOnly="true"
21        android:theme="@style/Theme.TermProject" >
21-->src\main\AndroidManifest.xml:11:9-49
22        <activity
22-->src\main\AndroidManifest.xml:12:9-14:39
23            android:name="com.example.termproject.InstructorPersonalCoursesActivity"
23-->src\main\AndroidManifest.xml:13:13-62
24            android:exported="true" />
24-->src\main\AndroidManifest.xml:14:13-36
25        <activity
25-->src\main\AndroidManifest.xml:15:9-17:39
26            android:name="com.example.termproject.InstructorSearchCourses"
26-->src\main\AndroidManifest.xml:16:13-52
27            android:exported="true" />
27-->src\main\AndroidManifest.xml:17:13-36
28        <activity
28-->src\main\AndroidManifest.xml:18:9-20:39
29            android:name="com.example.termproject.InstructorSelectActivity"
29-->src\main\AndroidManifest.xml:19:13-53
30            android:exported="true" />
30-->src\main\AndroidManifest.xml:20:13-36
31        <activity
31-->src\main\AndroidManifest.xml:21:9-23:39
32            android:name="com.example.termproject.CourseDBActivity"
32-->src\main\AndroidManifest.xml:22:13-45
33            android:exported="true" />
33-->src\main\AndroidManifest.xml:23:13-36
34        <activity
34-->src\main\AndroidManifest.xml:24:9-26:39
35            android:name="com.example.termproject.AdminSelectActivity"
35-->src\main\AndroidManifest.xml:25:13-48
36            android:exported="true" />
36-->src\main\AndroidManifest.xml:26:13-36
37        <activity
37-->src\main\AndroidManifest.xml:27:9-29:40
38            android:name="com.example.termproject.DatabaseActivity"
38-->src\main\AndroidManifest.xml:28:13-45
39            android:exported="false" />
39-->src\main\AndroidManifest.xml:29:13-37
40        <activity
40-->src\main\AndroidManifest.xml:30:9-32:40
41            android:name="com.example.termproject.AdminLoginActivity"
41-->src\main\AndroidManifest.xml:31:13-47
42            android:exported="false" />
42-->src\main\AndroidManifest.xml:32:13-37
43        <activity
43-->src\main\AndroidManifest.xml:33:9-35:40
44            android:name="com.example.termproject.InstructorLoginActivity"
44-->src\main\AndroidManifest.xml:34:13-52
45            android:exported="false" />
45-->src\main\AndroidManifest.xml:35:13-37
46        <activity
46-->src\main\AndroidManifest.xml:36:9-38:40
47            android:name="com.example.termproject.MemberLoginActivity"
47-->src\main\AndroidManifest.xml:37:13-48
48            android:exported="false" />
48-->src\main\AndroidManifest.xml:38:13-37
49        <activity
49-->src\main\AndroidManifest.xml:39:9-42:67
50            android:name="com.example.termproject.ui.login.MemberLoginActivity"
50-->src\main\AndroidManifest.xml:40:13-57
51            android:exported="false"
51-->src\main\AndroidManifest.xml:41:13-37
52            android:label="@string/title_activity_member_login" />
52-->src\main\AndroidManifest.xml:42:13-64
53        <activity
53-->src\main\AndroidManifest.xml:43:9-51:20
54            android:name="com.example.termproject.MainActivity"
54-->src\main\AndroidManifest.xml:44:13-41
55            android:exported="true" >
55-->src\main\AndroidManifest.xml:45:13-36
56            <intent-filter>
56-->src\main\AndroidManifest.xml:46:13-50:29
57                <action android:name="android.intent.action.MAIN" />
57-->src\main\AndroidManifest.xml:47:17-69
57-->src\main\AndroidManifest.xml:47:25-66
58
59                <category android:name="android.intent.category.LAUNCHER" />
59-->src\main\AndroidManifest.xml:49:17-77
59-->src\main\AndroidManifest.xml:49:27-74
60            </intent-filter>
61        </activity>
62    </application>
63
64</manifest>